<?xml version="1.0" encoding="UTF-8"?>
<!-- Generated by org.testng.reporters.JUnitReportReporter -->
<testsuite hostname="LAPTOP-QHM9BDJJ" failures="0" tests="4" name="Test_ng.Heroku_TestNG" time="1.481" errors="0" timestamp="2023-03-30T17:08:46 IST" skipped="3">
  <testcase classname="Test_ng.Heroku_TestNG" name="Nested_Frames" time="1.481"/>
  <system-out/>
  <testcase classname="Test_ng.Heroku_TestNG" name="Drag_Drop">
    <skipped/>
  </testcase> <!-- Drag_Drop -->
  <system-out/>
  <testcase classname="Test_ng.Heroku_TestNG" name="Multiple_Windows">
    <skipped/>
  </testcase> <!-- Multiple_Windows -->
  <system-out/>
  <testcase classname="Test_ng.Heroku_TestNG" name="Hover">
    <skipped/>
  </testcase> <!-- Hover -->
  <system-out/>
</testsuite> <!-- Test_ng.Heroku_TestNG -->
