<?xml version="1.0" encoding="UTF-8"?>
<!-- Generated by org.testng.reporters.JUnitReportReporter -->
<testsuite hostname="LAPTOP-QHM9BDJJ" failures="0" tests="4" name="Test_ng.Heroku" time="51.428" errors="0" timestamp="2023-03-29T23:49:00 IST" skipped="3">
  <testcase classname="Test_ng.Heroku" name="Drag_Drop" time="51.428"/>
  <system-out/>
  <testcase classname="Test_ng.Heroku" name="Multiple_Windows">
    <skipped/>
  </testcase> <!-- Multiple_Windows -->
  <system-out/>
  <testcase classname="Test_ng.Heroku" name="Nested_Frames">
    <skipped/>
  </testcase> <!-- Nested_Frames -->
  <system-out/>
  <testcase classname="Test_ng.Heroku" name="Hover">
    <skipped/>
  </testcase> <!-- Hover -->
  <system-out/>
</testsuite> <!-- Test_ng.Heroku -->
