<?xml version="1.0" encoding="UTF-8"?>
<!-- Generated by org.testng.reporters.JUnitReportReporter -->
<testsuite hostname="LAPTOP-QHM9BDJJ" failures="0" tests="1" name="Test_ng.class_01" time="7.951" errors="0" timestamp="2023-03-28T16:40:34 IST" skipped="0">
  <testcase classname="Test_ng.class_01" name="tc1" time="7.951"/>
  <system-out/>
</testsuite> <!-- Test_ng.class_01 -->
