<?xml version="1.0" encoding="UTF-8"?>
<!-- Generated by org.testng.reporters.JUnitReportReporter -->
<testsuite hostname="LAPTOP-QHM9BDJJ" failures="0" tests="5" name="Test_ng.class02" time="14.904" errors="0" timestamp="2023-05-15T14:05:07 IST" skipped="4">
  <testcase classname="Test_ng.class02" name="InvalidPassword" time="14.904"/>
  <system-out/>
  <testcase classname="Test_ng.class02" name="InvalidUserName">
    <skipped/>
  </testcase> <!-- InvalidUserName -->
  <system-out/>
  <testcase classname="Test_ng.class02" name="Logout">
    <skipped/>
  </testcase> <!-- Logout -->
  <system-out/>
  <testcase classname="Test_ng.class02" name="ValidCredentials">
    <skipped/>
  </testcase> <!-- ValidCredentials -->
  <system-out/>
  <testcase classname="Test_ng.class02" name="AddingtheEmployee">
    <skipped/>
  </testcase> <!-- AddingtheEmployee -->
  <system-out/>
</testsuite> <!-- Test_ng.class02 -->
