<?xml version="1.0" encoding="UTF-8"?>
<!-- Generated by org.testng.reporters.JUnitReportReporter -->
<testsuite hostname="LAPTOP-QHM9BDJJ" failures="0" tests="1" name="class_01" time="0.017" errors="0" timestamp="2023-03-28T15:11:44 IST" skipped="0">
  <testcase classname="class_01" name="tc1" time="0.017"/>
  <system-out/>
</testsuite> <!-- class_01 -->
