<?xml version="1.0" encoding="UTF-8"?>
<!-- Generated by org.testng.reporters.JUnitReportReporter -->
<testsuite hostname="LAPTOP-QHM9BDJJ" failures="0" tests="1" name="Test_ng.datafrom_Sql" time="7.931" errors="0" timestamp="2023-03-31T13:51:26 IST" skipped="0">
  <testcase classname="Test_ng.datafrom_Sql" name="getdata" time="7.931"/>
  <system-out/>
</testsuite> <!-- Test_ng.datafrom_Sql -->
